<?xml version="1.0" encoding="UTF-8"?>
<testng-results ignored="8" total="16" passed="7" failed="1" skipped="0">
  <reporter-output>
  </reporter-output>
  <suite started-at="2022-04-06T22:25:08 MDT" name="Insurance" finished-at="2022-04-06T22:25:08 MDT" duration-ms="52">
    <groups>
      <group name="Reg">
        <method signature="LifeInsurance.WebLoginLife()[pri:0, instance:seleniumprojects.LifeInsurance@67f639d3]" name="WebLoginLife" class="seleniumprojects.LifeInsurance"/>
        <method signature="LifeInsurance.WebLogoutLife()[pri:0, instance:seleniumprojects.LifeInsurance@67f639d3]" name="WebLogoutLife" class="seleniumprojects.LifeInsurance"/>
        <method signature="VehicleInsurance.WebLoginVehicle()[pri:0, instance:seleniumprojects.VehicleInsurance@290222c1]" name="WebLoginVehicle" class="seleniumprojects.VehicleInsurance"/>
        <method signature="VehicleInsurance.WebLogoutVehicle()[pri:0, instance:seleniumprojects.VehicleInsurance@290222c1]" name="WebLogoutVehicle" class="seleniumprojects.VehicleInsurance"/>
      </group> <!-- Reg -->
    </groups>
    <test started-at="2022-04-06T22:25:08 MDT" name="Regression" finished-at="2022-04-06T22:25:08 MDT" duration-ms="52">
      <class name="seleniumprojects.LifeInsurance">
        <test-method is-config="true" signature="before()[pri:0, instance:seleniumprojects.LifeInsurance@67f639d3]" started-at="2022-04-06T22:25:08 MDT" name="before" finished-at="2022-04-06T22:25:08 MDT" duration-ms="1" status="PASS">
          <reporter-output>
          </reporter-output>
        </test-method> <!-- before -->
        <test-method is-config="true" signature="beforemethod()[pri:0, instance:seleniumprojects.LifeInsurance@67f639d3]" started-at="2022-04-06T22:25:08 MDT" name="beforemethod" finished-at="2022-04-06T22:25:08 MDT" duration-ms="0" status="PASS">
          <reporter-output>
          </reporter-output>
        </test-method> <!-- beforemethod -->
        <test-method signature="APILogin()[pri:0, instance:seleniumprojects.LifeInsurance@67f639d3]" started-at="2022-04-06T22:25:08 MDT" name="APILogin" finished-at="2022-04-06T22:25:08 MDT" duration-ms="1" status="PASS">
          <reporter-output>
          </reporter-output>
        </test-method> <!-- APILogin -->
        <test-method is-config="true" signature="beforemethod()[pri:0, instance:seleniumprojects.LifeInsurance@67f639d3]" started-at="2022-04-06T22:25:08 MDT" name="beforemethod" finished-at="2022-04-06T22:25:08 MDT" duration-ms="0" status="PASS">
          <reporter-output>
          </reporter-output>
        </test-method> <!-- beforemethod -->
        <test-method is-config="true" signature="afterMethod()[pri:0, instance:seleniumprojects.LifeInsurance@67f639d3]" started-at="2022-04-06T22:25:08 MDT" name="afterMethod" finished-at="2022-04-06T22:25:08 MDT" duration-ms="0" status="PASS">
          <reporter-output>
          </reporter-output>
        </test-method> <!-- afterMethod -->
        <test-method signature="MobileLoginLife()[pri:0, instance:seleniumprojects.LifeInsurance@67f639d3]" started-at="2022-04-06T22:25:08 MDT" name="MobileLoginLife" finished-at="2022-04-06T22:25:08 MDT" duration-ms="1" status="PASS">
          <reporter-output>
          </reporter-output>
        </test-method> <!-- MobileLoginLife -->
        <test-method is-config="true" signature="beforemethod()[pri:0, instance:seleniumprojects.LifeInsurance@67f639d3]" started-at="2022-04-06T22:25:08 MDT" name="beforemethod" finished-at="2022-04-06T22:25:08 MDT" duration-ms="1" status="PASS">
          <reporter-output>
          </reporter-output>
        </test-method> <!-- beforemethod -->
        <test-method is-config="true" signature="afterMethod()[pri:0, instance:seleniumprojects.LifeInsurance@67f639d3]" started-at="2022-04-06T22:25:08 MDT" name="afterMethod" finished-at="2022-04-06T22:25:08 MDT" duration-ms="0" status="PASS">
          <reporter-output>
          </reporter-output>
        </test-method> <!-- afterMethod -->
        <test-method signature="WebLoginLife()[pri:0, instance:seleniumprojects.LifeInsurance@67f639d3]" started-at="2022-04-06T22:25:08 MDT" name="WebLoginLife" finished-at="2022-04-06T22:25:08 MDT" duration-ms="0" status="PASS">
          <reporter-output>
          </reporter-output>
        </test-method> <!-- WebLoginLife -->
        <test-method is-config="true" signature="beforemethod()[pri:0, instance:seleniumprojects.LifeInsurance@67f639d3]" started-at="2022-04-06T22:25:08 MDT" name="beforemethod" finished-at="2022-04-06T22:25:08 MDT" duration-ms="1" status="PASS">
          <reporter-output>
          </reporter-output>
        </test-method> <!-- beforemethod -->
        <test-method is-config="true" signature="afterMethod()[pri:0, instance:seleniumprojects.LifeInsurance@67f639d3]" started-at="2022-04-06T22:25:08 MDT" name="afterMethod" finished-at="2022-04-06T22:25:08 MDT" duration-ms="0" status="PASS">
          <reporter-output>
          </reporter-output>
        </test-method> <!-- afterMethod -->
        <test-method signature="WebLogoutLife()[pri:0, instance:seleniumprojects.LifeInsurance@67f639d3]" started-at="2022-04-06T22:25:08 MDT" name="WebLogoutLife" finished-at="2022-04-06T22:25:08 MDT" duration-ms="0" status="PASS">
          <reporter-output>
          </reporter-output>
        </test-method> <!-- WebLogoutLife -->
        <test-method is-config="true" signature="after()[pri:0, instance:seleniumprojects.LifeInsurance@67f639d3]" started-at="2022-04-06T22:25:08 MDT" name="after" finished-at="2022-04-06T22:25:08 MDT" duration-ms="1" status="PASS">
          <reporter-output>
          </reporter-output>
        </test-method> <!-- after -->
        <test-method is-config="true" signature="afterMethod()[pri:0, instance:seleniumprojects.LifeInsurance@67f639d3]" started-at="2022-04-06T22:25:08 MDT" name="afterMethod" finished-at="2022-04-06T22:25:08 MDT" duration-ms="0" status="PASS">
          <reporter-output>
          </reporter-output>
        </test-method> <!-- afterMethod -->
      </class> <!-- seleniumprojects.LifeInsurance -->
      <class name="seleniumprojects.HomeInsurance">
        <test-method is-config="true" signature="beforesuite()[pri:0, instance:seleniumprojects.HomeInsurance@4dbb42b7]" started-at="2022-04-06T22:25:08 MDT" name="beforesuite" finished-at="2022-04-06T22:25:08 MDT" duration-ms="7" status="PASS">
          <reporter-output>
          </reporter-output>
        </test-method> <!-- beforesuite -->
        <test-method is-config="true" signature="aftersuite()[pri:0, instance:seleniumprojects.HomeInsurance@4dbb42b7]" started-at="2022-04-06T22:25:08 MDT" name="aftersuite" finished-at="2022-04-06T22:25:08 MDT" duration-ms="0" status="PASS">
          <reporter-output>
          </reporter-output>
        </test-method> <!-- aftersuite -->
      </class> <!-- seleniumprojects.HomeInsurance -->
      <class name="seleniumprojects.VehicleInsurance">
        <test-method signature="APILoginVehicle()[pri:0, instance:seleniumprojects.VehicleInsurance@290222c1]" started-at="2022-04-06T22:25:08 MDT" name="APILoginVehicle" finished-at="2022-04-06T22:25:08 MDT" duration-ms="6" status="FAIL">
          <exception class="java.lang.AssertionError">
            <message>
              <![CDATA[expected [true] but found [false]]]>
            </message>
            <full-stacktrace>
              <![CDATA[java.lang.AssertionError: expected [true] but found [false]
at org.testng.Assert.fail(Assert.java:99)
at org.testng.Assert.failNotEquals(Assert.java:1037)
at org.testng.Assert.assertTrue(Assert.java:45)
at org.testng.Assert.assertTrue(Assert.java:55)
at seleniumprojects.VehicleInsurance.APILoginVehicle(VehicleInsurance.java:23)
at java.base/jdk.internal.reflect.NativeMethodAccessorImpl.invoke0(Native Method)
at java.base/jdk.internal.reflect.NativeMethodAccessorImpl.invoke(NativeMethodAccessorImpl.java:77)
at java.base/jdk.internal.reflect.DelegatingMethodAccessorImpl.invoke(DelegatingMethodAccessorImpl.java:43)
at java.base/java.lang.reflect.Method.invoke(Method.java:568)
at org.testng.internal.MethodInvocationHelper.invokeMethod(MethodInvocationHelper.java:133)
at org.testng.internal.TestInvoker.invokeMethod(TestInvoker.java:598)
at org.testng.internal.TestInvoker.invokeTestMethod(TestInvoker.java:173)
at org.testng.internal.MethodRunner.runInSequence(MethodRunner.java:46)
at org.testng.internal.TestInvoker$MethodInvocationAgent.invoke(TestInvoker.java:824)
at org.testng.internal.TestInvoker.invokeTestMethods(TestInvoker.java:146)
at org.testng.internal.TestMethodWorker.invokeTestMethods(TestMethodWorker.java:146)
at org.testng.internal.TestMethodWorker.run(TestMethodWorker.java:128)
at java.base/java.util.ArrayList.forEach(ArrayList.java:1511)
at org.testng.TestRunner.privateRun(TestRunner.java:794)
at org.testng.TestRunner.run(TestRunner.java:596)
at org.testng.SuiteRunner.runTest(SuiteRunner.java:377)
at org.testng.SuiteRunner.runSequentially(SuiteRunner.java:371)
at org.testng.SuiteRunner.privateRun(SuiteRunner.java:332)
at org.testng.SuiteRunner.run(SuiteRunner.java:276)
at org.testng.SuiteRunnerWorker.runSuite(SuiteRunnerWorker.java:53)
at org.testng.SuiteRunnerWorker.run(SuiteRunnerWorker.java:96)
at org.testng.TestNG.runSuitesSequentially(TestNG.java:1212)
at org.testng.TestNG.runSuitesLocally(TestNG.java:1134)
at org.testng.TestNG.runSuites(TestNG.java:1063)
at org.testng.TestNG.run(TestNG.java:1031)
at org.testng.remote.AbstractRemoteTestNG.run(AbstractRemoteTestNG.java:115)
at org.testng.remote.RemoteTestNG.initAndRun(RemoteTestNG.java:251)
at org.testng.remote.RemoteTestNG.main(RemoteTestNG.java:77)
]]>
            </full-stacktrace>
          </exception> <!-- java.lang.AssertionError -->
          <reporter-output>
          </reporter-output>
        </test-method> <!-- APILoginVehicle -->
        <test-method signature="MobileLoginVehicle()[pri:0, instance:seleniumprojects.VehicleInsurance@290222c1]" started-at="2022-04-06T22:25:08 MDT" name="MobileLoginVehicle" finished-at="2022-04-06T22:25:08 MDT" duration-ms="1" status="PASS">
          <reporter-output>
          </reporter-output>
        </test-method> <!-- MobileLoginVehicle -->
        <test-method signature="WebLoginVehicle()[pri:0, instance:seleniumprojects.VehicleInsurance@290222c1]" started-at="2022-04-06T22:25:08 MDT" name="WebLoginVehicle" finished-at="2022-04-06T22:25:08 MDT" duration-ms="1" status="PASS">
          <reporter-output>
          </reporter-output>
        </test-method> <!-- WebLoginVehicle -->
        <test-method signature="WebLogoutVehicle()[pri:0, instance:seleniumprojects.VehicleInsurance@290222c1]" started-at="2022-04-06T22:25:08 MDT" name="WebLogoutVehicle" finished-at="2022-04-06T22:25:08 MDT" duration-ms="1" status="PASS">
          <reporter-output>
          </reporter-output>
        </test-method> <!-- WebLogoutVehicle -->
      </class> <!-- seleniumprojects.VehicleInsurance -->
    </test> <!-- Regression -->
  </suite> <!-- Insurance -->
</testng-results>
